[2017-10-25T10:44:39,457][WARN ][o.e.b.JNANatives         ] Unable to lock JVM Memory: error=12, reason=Nicht genügend Hauptspeicher verfügbar
[2017-10-25T10:44:39,459][WARN ][o.e.b.JNANatives         ] This can result in part of the JVM being swapped out.
[2017-10-25T10:44:39,459][WARN ][o.e.b.JNANatives         ] Increase RLIMIT_MEMLOCK, soft limit: 65536, hard limit: 65536
[2017-10-25T10:44:39,460][WARN ][o.e.b.JNANatives         ] These can be adjusted by modifying /etc/security/limits.conf, for example: 
	# allow user 'empiriecom' mlockall
	empiriecom soft memlock unlimited
	empiriecom hard memlock unlimited
[2017-10-25T10:44:39,460][WARN ][o.e.b.JNANatives         ] If you are logged in interactively, you will have to re-login for the new limits to take effect.
[2017-10-25T10:44:39,549][INFO ][o.e.n.Node               ] [] initializing ...
[2017-10-25T10:44:39,615][INFO ][o.e.e.NodeEnvironment    ] [zK8So5j] using [1] data paths, mounts [[/home (/dev/mapper/cl-home)]], net usable_space [438.8gb], net total_space [444.8gb], spins? [possibly], types [xfs]
[2017-10-25T10:44:39,616][INFO ][o.e.e.NodeEnvironment    ] [zK8So5j] heap size [1.9gb], compressed ordinary object pointers [true]
[2017-10-25T10:44:39,618][INFO ][o.e.n.Node               ] node name [zK8So5j] derived from node ID [zK8So5juRoGEMpsb8Meldg]; set [node.name] to override
[2017-10-25T10:44:39,618][INFO ][o.e.n.Node               ] version[5.5.2], pid[102303], build[b2f0c09/2017-08-14T12:33:14.154Z], OS[Linux/3.10.0-514.21.1.el7.x86_64/amd64], JVM[Oracle Corporation/OpenJDK 64-Bit Server VM/1.8.0_131/25.131-b12]
[2017-10-25T10:44:39,618][INFO ][o.e.n.Node               ] JVM arguments [-Xms2g, -Xmx2g, -XX:+UseConcMarkSweepGC, -XX:CMSInitiatingOccupancyFraction=75, -XX:+UseCMSInitiatingOccupancyOnly, -XX:+AlwaysPreTouch, -Xss1m, -Djava.awt.headless=true, -Dfile.encoding=UTF-8, -Djna.nosys=true, -Djdk.io.permissionsUseCanonicalPath=true, -Dio.netty.noUnsafe=true, -Dio.netty.noKeySetOptimization=true, -Dio.netty.recycler.maxCapacityPerThread=0, -Dlog4j.shutdownHookEnabled=false, -Dlog4j2.disable.jmx=true, -Dlog4j.skipJansi=true, -XX:+HeapDumpOnOutOfMemoryError, -Des.path.home=/home/empiriecom/projects/ContentSearch/elasticsearch-5.5.2]
[2017-10-25T10:44:40,317][INFO ][o.e.p.PluginsService     ] [zK8So5j] loaded module [aggs-matrix-stats]
[2017-10-25T10:44:40,317][INFO ][o.e.p.PluginsService     ] [zK8So5j] loaded module [ingest-common]
[2017-10-25T10:44:40,317][INFO ][o.e.p.PluginsService     ] [zK8So5j] loaded module [lang-expression]
[2017-10-25T10:44:40,317][INFO ][o.e.p.PluginsService     ] [zK8So5j] loaded module [lang-groovy]
[2017-10-25T10:44:40,317][INFO ][o.e.p.PluginsService     ] [zK8So5j] loaded module [lang-mustache]
[2017-10-25T10:44:40,318][INFO ][o.e.p.PluginsService     ] [zK8So5j] loaded module [lang-painless]
[2017-10-25T10:44:40,318][INFO ][o.e.p.PluginsService     ] [zK8So5j] loaded module [parent-join]
[2017-10-25T10:44:40,318][INFO ][o.e.p.PluginsService     ] [zK8So5j] loaded module [percolator]
[2017-10-25T10:44:40,318][INFO ][o.e.p.PluginsService     ] [zK8So5j] loaded module [reindex]
[2017-10-25T10:44:40,318][INFO ][o.e.p.PluginsService     ] [zK8So5j] loaded module [transport-netty3]
[2017-10-25T10:44:40,318][INFO ][o.e.p.PluginsService     ] [zK8So5j] loaded module [transport-netty4]
[2017-10-25T10:44:40,318][INFO ][o.e.p.PluginsService     ] [zK8So5j] no plugins loaded
[2017-10-25T10:44:41,800][INFO ][o.e.d.DiscoveryModule    ] [zK8So5j] using discovery type [zen]
[2017-10-25T10:44:42,316][INFO ][o.e.n.Node               ] initialized
[2017-10-25T10:44:42,317][INFO ][o.e.n.Node               ] [zK8So5j] starting ...
[2017-10-25T10:44:42,465][INFO ][o.e.t.TransportService   ] [zK8So5j] publish_address {127.0.0.1:9300}, bound_addresses {127.0.0.1:9300}, {[::1]:9300}
[2017-10-25T10:44:42,477][WARN ][o.e.b.BootstrapChecks    ] [zK8So5j] max file descriptors [4096] for elasticsearch process is too low, increase to at least [65536]
[2017-10-25T10:44:42,478][WARN ][o.e.b.BootstrapChecks    ] [zK8So5j] memory locking requested for elasticsearch process but memory is not locked
[2017-10-25T10:44:42,478][WARN ][o.e.b.BootstrapChecks    ] [zK8So5j] max virtual memory areas vm.max_map_count [65530] is too low, increase to at least [262144]
[2017-10-25T10:44:45,549][INFO ][o.e.c.s.ClusterService   ] [zK8So5j] new_master {zK8So5j}{zK8So5juRoGEMpsb8Meldg}{2vi5JzSRT86FJwlrhr1djg}{localhost}{127.0.0.1:9300}, reason: zen-disco-elected-as-master ([0] nodes joined)
[2017-10-25T10:44:45,575][INFO ][o.e.h.n.Netty4HttpServerTransport] [zK8So5j] publish_address {127.0.0.1:9200}, bound_addresses {127.0.0.1:9200}, {[::1]:9200}
[2017-10-25T10:44:45,575][INFO ][o.e.n.Node               ] [zK8So5j] started
[2017-10-25T10:44:45,585][INFO ][o.e.g.GatewayService     ] [zK8So5j] recovered [0] indices into cluster_state
[2017-10-25T10:44:50,205][INFO ][o.e.c.m.MetaDataCreateIndexService] [zK8So5j] [baur] creating index, cause [auto(bulk api)], templates [], shards [5]/[1], mappings []
[2017-10-25T10:44:50,506][INFO ][o.e.c.m.MetaDataMappingService] [zK8So5j] [baur/bJYWFhfhTVaXgJurwO8Nsw] create_mapping [baur]
[2017-10-25T10:44:56,450][INFO ][o.e.n.Node               ] [zK8So5j] stopping ...
[2017-10-25T10:44:56,539][INFO ][o.e.n.Node               ] [zK8So5j] stopped
[2017-10-25T10:44:56,539][INFO ][o.e.n.Node               ] [zK8So5j] closing ...
[2017-10-25T10:44:56,547][INFO ][o.e.n.Node               ] [zK8So5j] closed
